<?xml version="1.0" encoding="UTF-8"?>
<testng-results skipped="0" failed="1" ignored="0" total="1" passed="0">
  <reporter-output>
  </reporter-output>
  <suite name="Default suite" duration-ms="26184" started-at="2019-08-25T23:01:41Z" finished-at="2019-08-25T23:02:07Z">
    <groups>
    </groups>
    <test name="Default test" duration-ms="26184" started-at="2019-08-25T23:01:41Z" finished-at="2019-08-25T23:02:07Z">
      <class name="com.training.sanity.tests.ELTC_72_VerifyAdminAddUserWidDiffRole">
        <test-method status="PASS" signature="setUpBeforeClass()[pri:0, instance:com.training.sanity.tests.ELTC_72_VerifyAdminAddUserWidDiffRole@47c62251]" name="setUpBeforeClass" is-config="true" duration-ms="15751" started-at="2019-08-25T23:01:41Z" finished-at="2019-08-25T23:01:56Z">
          <reporter-output>
          </reporter-output>
        </test-method> <!-- setUpBeforeClass -->
        <test-method status="FAIL" signature="verifyGroupChat()[pri:0, instance:com.training.sanity.tests.ELTC_72_VerifyAdminAddUserWidDiffRole@47c62251]" name="verifyGroupChat" duration-ms="8514" started-at="2019-08-25T23:01:56Z" finished-at="2019-08-25T23:02:05Z">
          <exception class="java.lang.IllegalStateException">
            <message>
              <![CDATA[The hyperlink for cell D40 references relation rId21, but that didn't exist!]]>
            </message>
            <full-stacktrace>
              <![CDATA[java.lang.IllegalStateException: The hyperlink for cell D40 references relation rId21, but that didn't exist!
at org.apache.poi.xssf.usermodel.XSSFHyperlink.<init>(XSSFHyperlink.java:71)
at org.apache.poi.xssf.usermodel.XSSFSheet.initHyperlinks(XSSFSheet.java:205)
at org.apache.poi.xssf.usermodel.XSSFSheet.read(XSSFSheet.java:158)
at org.apache.poi.xssf.usermodel.XSSFSheet.onDocumentRead(XSSFSheet.java:130)
at org.apache.poi.xssf.usermodel.XSSFWorkbook.onDocumentRead(XSSFWorkbook.java:286)
at org.apache.poi.POIXMLDocument.load(POIXMLDocument.java:159)
at org.apache.poi.xssf.usermodel.XSSFWorkbook.<init>(XSSFWorkbook.java:207)
at com.training.sanity.tests.ELTC_72_VerifyAdminAddUserWidDiffRole.verifyGroupChat(ELTC_72_VerifyAdminAddUserWidDiffRole.java:32)
at sun.reflect.NativeMethodAccessorImpl.invoke0(Native Method)
at sun.reflect.NativeMethodAccessorImpl.invoke(Unknown Source)
at sun.reflect.DelegatingMethodAccessorImpl.invoke(Unknown Source)
at java.lang.reflect.Method.invoke(Unknown Source)
at org.testng.internal.MethodInvocationHelper.invokeMethod(MethodInvocationHelper.java:124)
at org.testng.internal.Invoker.invokeMethod(Invoker.java:583)
at org.testng.internal.Invoker.invokeTestMethod(Invoker.java:719)
at org.testng.internal.Invoker.invokeTestMethods(Invoker.java:989)
at org.testng.internal.TestMethodWorker.invokeTestMethods(TestMethodWorker.java:125)
at org.testng.internal.TestMethodWorker.run(TestMethodWorker.java:109)
at org.testng.TestRunner.privateRun(TestRunner.java:648)
at org.testng.TestRunner.run(TestRunner.java:505)
at org.testng.SuiteRunner.runTest(SuiteRunner.java:455)
at org.testng.SuiteRunner.runSequentially(SuiteRunner.java:450)
at org.testng.SuiteRunner.privateRun(SuiteRunner.java:415)
at org.testng.SuiteRunner.run(SuiteRunner.java:364)
at org.testng.SuiteRunnerWorker.runSuite(SuiteRunnerWorker.java:52)
at org.testng.SuiteRunnerWorker.run(SuiteRunnerWorker.java:84)
at org.testng.TestNG.runSuitesSequentially(TestNG.java:1208)
at org.testng.TestNG.runSuitesLocally(TestNG.java:1137)
at org.testng.TestNG.runSuites(TestNG.java:1049)
at org.testng.TestNG.run(TestNG.java:1017)
at org.testng.remote.AbstractRemoteTestNG.run(AbstractRemoteTestNG.java:115)
at org.testng.remote.RemoteTestNG.initAndRun(RemoteTestNG.java:251)
at org.testng.remote.RemoteTestNG.main(RemoteTestNG.java:77)
]]>
            </full-stacktrace>
          </exception> <!-- java.lang.IllegalStateException -->
          <reporter-output>
          </reporter-output>
        </test-method> <!-- verifyGroupChat -->
        <test-method status="PASS" signature="tearDown()[pri:0, instance:com.training.sanity.tests.ELTC_72_VerifyAdminAddUserWidDiffRole@47c62251]" name="tearDown" is-config="true" duration-ms="1877" started-at="2019-08-25T23:02:05Z" finished-at="2019-08-25T23:02:07Z">
          <reporter-output>
          </reporter-output>
        </test-method> <!-- tearDown -->
      </class> <!-- com.training.sanity.tests.ELTC_72_VerifyAdminAddUserWidDiffRole -->
    </test> <!-- Default test -->
  </suite> <!-- Default suite -->
</testng-results>
